C51 COMPILER V9.54   DC_MOTOR                                                              10/13/2015 11:38:08 PAGE 1   


C51 COMPILER V9.54, COMPILATION OF MODULE DC_MOTOR
OBJECT MODULE PLACED IN DC_motor.obj
COMPILER INVOKED BY: C:\Keil_c51\C51\BIN\C51.EXE DC_MOTOR\DC_motor.c LARGE OPTIMIZE(8,SPEED) BROWSE DEBUG OBJECTEXTEND P
                    -RINT(.\DC_motor.lst) TABS(2) OBJECT(DC_motor.obj)

line level    source

   1          #include "DC_motor.h"
   2          
   3          //OUTE1 E4
   4          void DC_motor_Test(void)
   5          {  
   6   1        PCF8574_Single_WriteI2C(UE_PCF8574_SlaveAddress,0xff);    //0xe2
   7   1        delayms(500);   
   8   1        delayms(500);
   9   1        delayms(500);
  10   1        PCF8574_Single_WriteI2C(UE_PCF8574_SlaveAddress,0xe0);
  11   1      
  12   1      }


MODULE INFORMATION:   STATIC OVERLAYABLE
   CODE SIZE        =     35    ----
   CONSTANT SIZE    =   ----    ----
   XDATA SIZE       =   ----    ----
   PDATA SIZE       =   ----    ----
   DATA SIZE        =   ----    ----
   IDATA SIZE       =   ----    ----
   BIT SIZE         =   ----    ----
END OF MODULE INFORMATION.


C51 COMPILATION COMPLETE.  0 WARNING(S),  0 ERROR(S)
