C51 COMPILER V9.54   SPI                                                                   10/13/2015 11:38:07 PAGE 1   


C51 COMPILER V9.54, COMPILATION OF MODULE SPI
OBJECT MODULE PLACED IN spi.obj
COMPILER INVOKED BY: C:\Keil_c51\C51\BIN\C51.EXE ENC28J60\spi.c LARGE OPTIMIZE(8,SPEED) BROWSE DEBUG OBJECTEXTEND PRINT(
                    -.\spi.lst) TABS(2) OBJECT(spi.obj)

line level    source

   1          #include "uip.h"
   2          #include "spi.h"
   3          
   4          void WriteByte(u8_t temp)
   5          {
   6   1        idata u8_t i;
   7   1        for(i=0;i<8;i++)
   8   1        {
   9   2          SCKN=0;   //delay_us(2);
  10   2          SIN = temp & 0x80;
  11   2          SCKN=1;   //delay_us(2);
  12   2          temp <<=1;
  13   2        }
  14   1        SCKN=0;
  15   1      }
  16          
  17          u8_t ReadByte(void)
  18          {
  19   1        idata u8_t i,dat1;
  20   1        SCKN=0;
  21   1        dat1=0;
  22   1        for(i=0;i<8;i++)
  23   1        { 
  24   2          SCKN=1;     //delay_us(2);
  25   2          dat1 <<=1;
  26   2          dat1 |= SON; 
  27   2          SCKN=0;     //delay_us(2);
  28   2        }
  29   1        return dat1;
  30   1      }


MODULE INFORMATION:   STATIC OVERLAYABLE
   CODE SIZE        =     62    ----
   CONSTANT SIZE    =   ----    ----
   XDATA SIZE       =   ----    ----
   PDATA SIZE       =   ----    ----
   DATA SIZE        =   ----    ----
   IDATA SIZE       =   ----       3
   BIT SIZE         =   ----    ----
END OF MODULE INFORMATION.


C51 COMPILATION COMPLETE.  0 WARNING(S),  0 ERROR(S)
