C51 COMPILER V9.54   STEP_MOTOR                                                            10/13/2015 11:38:08 PAGE 1   


C51 COMPILER V9.54, COMPILATION OF MODULE STEP_MOTOR
OBJECT MODULE PLACED IN step_motor.obj
COMPILER INVOKED BY: C:\Keil_c51\C51\BIN\C51.EXE STEP_MOTOR\step_motor.c LARGE OPTIMIZE(8,SPEED) BROWSE DEBUG OBJECTEXTE
                    -ND PRINT(.\step_motor.lst) TABS(2) OBJECT(step_motor.obj)

line level    source

   1          #include "step_motor.h"
   2          
   3          u8 F_Rotation[8]={0x08,0x0C,0x04,0x06,0x02,0x03,0x01,0x09};   //
   4          
   5          void delayus(int count)  // /* X1us */
   6          {
   7   1              int i,j;
   8   1              for(i=0;i<count;i++)
   9   1                      for(j=0;j<1;j++);
  10   1      }
  11          
  12          //操作步进电机时需要把继电器的相关IO清零，还有直流电机的IO也要清零
  13          void DUJIN_port(u8 dat)
  14          {
  15   1          u8 read_value = 0;
  16   1      
  17   1        //unsigned char dat=0x09;
  18   1          if((dat&0x08)==0x00)    //OUTE2
  19   1          //IN2_ONOFF(Bit_RESET);
  20   1          {
  21   2             PCF8574_Single_WriteI2C(UE_PCF8574_SlaveAddress,0x01); //& read_value
  22   2          }
  23   1          else 
  24   1          //IN2_ONOFF(Bit_SET);
  25   1           {  
  26   2             PCF8574_Single_WriteI2C(UE_PCF8574_SlaveAddress,0x04 );  //| read_value  
  27   2           }
  28   1          if((dat&0x04)==0x00)    //OUTE0
  29   1          //IN4_ONOFF(Bit_RESET);
  30   1           { 
  31   2             PCF8574_Single_WriteI2C(UE_PCF8574_SlaveAddress,0x04 );//& read_value
  32   2           }
  33   1          else 
  34   1          //IN4_ONOFF(Bit_SET); 
  35   1          { 
  36   2             PCF8574_Single_WriteI2C(UE_PCF8574_SlaveAddress,1 );//| read_value
  37   2          }       
  38   1          if((dat&0x02)==0x00)    //OUTC0
  39   1          //IN3_ONOFF(Bit_RESET);
  40   1           {  
  41   2             PCF8574_Single_WriteI2C(UD_PCF8574_SlaveAddress,0xF6);//& read_value
  42   2           }
  43   1          else 
  44   1          //IN3_ONOFF(Bit_SET);
  45   1          {
  46   2             PCF8574_Single_WriteI2C(UD_PCF8574_SlaveAddress,1 );   //| read_value
  47   2          }
  48   1          
  49   1          if((dat&0x01)==0x00)    //OUTG7
  50   1          //IN1_ONOFF(Bit_RESET);
  51   1          {
  52   2             PCF8574_Single_WriteI2C(UG_PCF8574_SlaveAddress,0x77); // & read_value 
  53   2          }
  54   1          else 
C51 COMPILER V9.54   STEP_MOTOR                                                            10/13/2015 11:38:08 PAGE 2   

  55   1          //IN1_ONOFF(Bit_SET);
  56   1          {
  57   2             PCF8574_Single_WriteI2C(UG_PCF8574_SlaveAddress,0x80); //| read_value  
  58   2          }
  59   1      }
  60          
  61          void STEP_motor_test(void)
  62          {
  63   1        u8 i = 0,j = 0;
  64   1      
  65   1          for(j=0; j<90; j++)
  66   1          for(i = 0; i < 8; i ++)
  67   1          {
  68   2            DUJIN_port(F_Rotation[i]);
  69   2            delayus(200);
  70   2          }
  71   1          
  72   1        DUJIN_port(0x00); //        8214
  73   1      
  74   1      }


MODULE INFORMATION:   STATIC OVERLAYABLE
   CODE SIZE        =    186    ----
   CONSTANT SIZE    =   ----    ----
   XDATA SIZE       =      8       4
   PDATA SIZE       =   ----    ----
   DATA SIZE        =   ----    ----
   IDATA SIZE       =   ----    ----
   BIT SIZE         =   ----    ----
END OF MODULE INFORMATION.


C51 COMPILATION COMPLETE.  0 WARNING(S),  0 ERROR(S)
